<?xml version="1.0" encoding="UTF-8"?>
<!-- Generated by org.testng.reporters.JUnitReportReporter -->
<testsuite name="com.jbk.Demo" tests="3" time="10.292" ignored="0" failures="0" timestamp="28 Sep 2021 16:29:47 GMT" skipped="0" hostname="DESKTOP-ABK5T9O" errors="0">
  <testcase name="test03" time="2.994" classname="com.jbk.Demo"/>
  <testcase name="test02" time="3.464" classname="com.jbk.Demo"/>
  <testcase name="test04" time="3.834" classname="com.jbk.Demo"/>
</testsuite> <!-- com.jbk.Demo -->
